build/app/intermediates/manifest_merge_blame_file/debug/manifest-merger-blame-debug-report.txt
1<?xml version="1.0" encoding="utf-8"?>
2<manifest xmlns:android="http://schemas.android.com/apk/res/android"
3    package="com.example.covid19"
4    android:versionCode="1"
5    android:versionName="1.0.0" >
6
7    <uses-sdk
8        android:minSdkVersion="16"
9        android:targetSdkVersion="28" />
10    <!--
11         Flutter needs it to communicate with the running application
12         to allow setting breakpoints, to provide hot reload, etc.
13    -->
14    <uses-permission android:name="android.permission.INTERNET" />
14-->src/main/AndroidManifest.xml:2:5-67
14-->src/main/AndroidManifest.xml:2:22-64
15    <!--
16     io.flutter.app.FlutterApplication is an android.app.Application that
17         calls FlutterMain.startInitialization(this); in its onCreate method.
18         In most cases you can leave this as-is, but you if you want to provide
19         additional functionality it is fine to subclass or reimplement
20         FlutterApplication and put your custom class here.
21    -->
22    <application
22-->src/main/AndroidManifest.xml:9:5-20:19
23        android:name="io.flutter.app.FlutterApplication"
23-->src/main/AndroidManifest.xml:9:18-66
24        android:appComponentFactory="androidx.core.app.CoreComponentFactory"
24-->[androidx.core:core:1.0.0] AndroidManifest.xml:22:18-86
25        android:debuggable="true"
26        android:icon="@mipmap/ic_launcher"
26-->src/main/AndroidManifest.xml:9:91-125
27        android:label="covid19" >
27-->src/main/AndroidManifest.xml:9:67-90
28        <activity
28-->src/main/AndroidManifest.xml:10:9-16:20
29            android:name="com.example.covid19.MainActivity"
29-->src/main/AndroidManifest.xml:10:19-47
30            android:configChanges="orientation|keyboardHidden|keyboard|screenSize|smallestScreenSize|locale|layoutDirection|fontScale|screenLayout|density|uiMode"
30-->src/main/AndroidManifest.xml:10:114-264
31            android:hardwareAccelerated="true"
31-->src/main/AndroidManifest.xml:10:265-299
32            android:launchMode="singleTop"
32-->src/main/AndroidManifest.xml:10:48-78
33            android:theme="@style/LaunchTheme"
33-->src/main/AndroidManifest.xml:10:79-113
34            android:windowSoftInputMode="adjustResize" >
34-->src/main/AndroidManifest.xml:10:300-342
35            <intent-filter>
35-->src/main/AndroidManifest.xml:11:13-15:29
36                <action android:name="android.intent.action.MAIN" />
36-->src/main/AndroidManifest.xml:12:16-68
36-->src/main/AndroidManifest.xml:12:24-65
37
38                <category android:name="android.intent.category.LAUNCHER" />
38-->src/main/AndroidManifest.xml:13:17-77
38-->src/main/AndroidManifest.xml:13:27-74
39            </intent-filter>
40        </activity>
41        <!--
42             Don't delete the meta-data below.
43             This is used by the Flutter tool to generate GeneratedPluginRegistrant.java
44        -->
45        <meta-data
45-->src/main/AndroidManifest.xml:19:8-71
46            android:name="flutterEmbedding"
46-->src/main/AndroidManifest.xml:19:19-50
47            android:value="2" />
47-->src/main/AndroidManifest.xml:19:51-68
48
49        <activity
49-->[:url_launcher] AndroidManifest.xml:8:9-11:74
50            android:name="io.flutter.plugins.urllauncher.WebViewActivity"
50-->[:url_launcher] AndroidManifest.xml:9:13-74
51            android:exported="false"
51-->[:url_launcher] AndroidManifest.xml:10:13-37
52            android:theme="@android:style/Theme.NoTitleBar.Fullscreen" />
52-->[:url_launcher] AndroidManifest.xml:11:13-71
53    </application>
54
55</manifest>